[INFO ] 2022-12-14 10:19:47.191 [main] Runner - Test
[ERROR] 2022-12-14 10:19:47.193 [main] Runner - Error
[WARN ] 2022-12-14 10:19:47.194 [main] Runner - Warn
[INFO ] 2022-12-14 10:19:56.101 [main] Runner - You have deposit 32 to your account.
Balance is now: 32
[INFO ] 2022-12-14 10:25:55.338 [main] Runner - Test
[ERROR] 2022-12-14 10:25:55.341 [main] Runner - Error
[WARN ] 2022-12-14 10:25:55.341 [main] Runner - Warn
[INFO ] 2022-12-14 12:17:44.297 [main] Runner - Test
[ERROR] 2022-12-14 12:17:44.301 [main] Runner - Error
[WARN ] 2022-12-14 12:17:44.301 [main] Runner - Warn
[INFO ] 2022-12-14 12:17:52.774 [main] Runner - Name: John
Last name: Florence
Balance: 0
ID: 1
[INFO ] 2022-12-14 12:52:19.226 [main] Runner - Test
[ERROR] 2022-12-14 12:52:19.231 [main] Runner - Error
[WARN ] 2022-12-14 12:52:19.231 [main] Runner - Warn
[INFO ] 2022-12-14 12:52:22.541 [main] Runner - Test
[ERROR] 2022-12-14 12:52:22.544 [main] Runner - Error
[WARN ] 2022-12-14 12:52:22.545 [main] Runner - Warn
